<?xml version="1.0" encoding="UTF-8"?>
<!-- Generated by org.testng.reporters.JUnitXMLReporter -->
<testsuite ignored="0" hostname="SOMESH-VERENKAR-007" failures="1" tests="1" name="Test1" time="60.061" errors="0" timestamp="2022-01-12T12:41:54 IST">
  <testcase classname="TestNG.Parallel" name="demo" time="59.849">
    <failure type="org.openqa.selenium.SessionNotCreatedException" message="session not created: This version of ChromeDriver only supports Chrome version 95
Current browser version is 97.0.4692.71 with binary path C:\Program Files\Google\Chrome\Application\chrome.exe
Build info: version: &amp;apos;3.141.59&amp;apos;, revision: &amp;apos;e82be7d358&amp;apos;, time: &amp;apos;2018-11-14T08:25:53&amp;apos;
System info: host: &amp;apos;SOMESH-VERENKAR&amp;apos;, ip: &amp;apos;192.168.112.1&amp;apos;, os.name: &amp;apos;Windows 10&amp;apos;, os.arch: &amp;apos;amd64&amp;apos;, os.version: &amp;apos;10.0&amp;apos;, java.version: &amp;apos;16.0.1&amp;apos;
Driver info: driver.version: ChromeDriver
remote stacktrace: Backtrace:
	Ordinal0 [0x003806F3+2492147]
	Ordinal0 [0x00319BD1+2071505]
	Ordinal0 [0x00222478+1057912]
	Ordinal0 [0x00240631+1181233]
	Ordinal0 [0x0023C43B+1164347]
	Ordinal0 [0x00239C9F+1154207]
	Ordinal0 [0x00269DFF+1351167]
	Ordinal0 [0x00269A6A+1350250]
	Ordinal0 [0x0026568B+1332875]
	Ordinal0 [0x002421D4+1188308]
	Ordinal0 [0x0024302F+1191983]
	GetHandleVerifier [0x005067A6+1545030]
	GetHandleVerifier [0x005B105C+2243580]
	GetHandleVerifier [0x0040BC97+518199]
	GetHandleVerifier [0x0040AD80+514336]
	Ordinal0 [0x0031ED2D+2092333]
	Ordinal0 [0x00322EE8+2109160]
	Ordinal0 [0x00323022+2109474]
	Ordinal0 [0x0032CB71+2149233]
	BaseThreadInitThunk [0x7539FA29+25]
	RtlGetAppContainerNamedObjectPath [0x770B7A9E+286]
	RtlGetAppContainerNamedObjectPath [0x770B7A6E+238]
">
      <![CDATA[org.openqa.selenium.SessionNotCreatedException: session not created: This version of ChromeDriver only supports Chrome version 95
Current browser version is 97.0.4692.71 with binary path C:\Program Files\Google\Chrome\Application\chrome.exe
Build info: version: '3.141.59', revision: 'e82be7d358', time: '2018-11-14T08:25:53'
System info: host: 'SOMESH-VERENKAR', ip: '192.168.112.1', os.name: 'Windows 10', os.arch: 'amd64', os.version: '10.0', java.version: '16.0.1'
Driver info: driver.version: ChromeDriver
remote stacktrace: Backtrace:
Ordinal0 [0x003806F3+2492147]
Ordinal0 [0x00319BD1+2071505]
Ordinal0 [0x00222478+1057912]
Ordinal0 [0x00240631+1181233]
Ordinal0 [0x0023C43B+1164347]
Ordinal0 [0x00239C9F+1154207]
Ordinal0 [0x00269DFF+1351167]
Ordinal0 [0x00269A6A+1350250]
Ordinal0 [0x0026568B+1332875]
Ordinal0 [0x002421D4+1188308]
Ordinal0 [0x0024302F+1191983]
GetHandleVerifier [0x005067A6+1545030]
GetHandleVerifier [0x005B105C+2243580]
GetHandleVerifier [0x0040BC97+518199]
GetHandleVerifier [0x0040AD80+514336]
Ordinal0 [0x0031ED2D+2092333]
Ordinal0 [0x00322EE8+2109160]
Ordinal0 [0x00323022+2109474]
Ordinal0 [0x0032CB71+2149233]
BaseThreadInitThunk [0x7539FA29+25]
RtlGetAppContainerNamedObjectPath [0x770B7A9E+286]
RtlGetAppContainerNamedObjectPath [0x770B7A6E+238]

at org.openqa.selenium.remote.W3CHandshakeResponse.lambda$errorHandler$0(W3CHandshakeResponse.java:62)
at org.openqa.selenium.remote.HandshakeResponse.lambda$getResponseFunction$0(HandshakeResponse.java:30)
at org.openqa.selenium.remote.ProtocolHandshake.lambda$createSession$0(ProtocolHandshake.java:126)
at java.base/java.util.stream.ReferencePipeline$3$1.accept(ReferencePipeline.java:197)
at java.base/java.util.Spliterators$ArraySpliterator.tryAdvance(Spliterators.java:958)
at java.base/java.util.stream.ReferencePipeline.forEachWithCancel(ReferencePipeline.java:129)
at java.base/java.util.stream.AbstractPipeline.copyIntoWithCancel(AbstractPipeline.java:502)
at java.base/java.util.stream.AbstractPipeline.copyInto(AbstractPipeline.java:488)
at java.base/java.util.stream.AbstractPipeline.wrapAndCopyInto(AbstractPipeline.java:474)
at java.base/java.util.stream.FindOps$FindOp.evaluateSequential(FindOps.java:150)
at java.base/java.util.stream.AbstractPipeline.evaluate(AbstractPipeline.java:234)
at java.base/java.util.stream.ReferencePipeline.findFirst(ReferencePipeline.java:647)
at org.openqa.selenium.remote.ProtocolHandshake.createSession(ProtocolHandshake.java:128)
at org.openqa.selenium.remote.ProtocolHandshake.createSession(ProtocolHandshake.java:74)
at org.openqa.selenium.remote.HttpCommandExecutor.execute(HttpCommandExecutor.java:136)
at org.openqa.selenium.remote.service.DriverCommandExecutor.execute(DriverCommandExecutor.java:83)
at org.openqa.selenium.remote.RemoteWebDriver.execute(RemoteWebDriver.java:552)
at org.openqa.selenium.remote.RemoteWebDriver.startSession(RemoteWebDriver.java:213)
at org.openqa.selenium.remote.RemoteWebDriver.<init>(RemoteWebDriver.java:131)
at org.openqa.selenium.chrome.ChromeDriver.<init>(ChromeDriver.java:181)
at org.openqa.selenium.chrome.ChromeDriver.<init>(ChromeDriver.java:168)
at org.openqa.selenium.chrome.ChromeDriver.<init>(ChromeDriver.java:123)
at TestNG.Parallel.demo(Parallel.java:19)
at java.base/java.util.ArrayList.forEach(ArrayList.java:1511)
at java.base/java.util.concurrent.FutureTask.run(FutureTask.java:264)
at java.base/java.util.concurrent.ThreadPoolExecutor.runWorker(ThreadPoolExecutor.java:1130)
at java.base/java.util.concurrent.ThreadPoolExecutor$Worker.run(ThreadPoolExecutor.java:630)
at java.base/java.lang.Thread.run(Thread.java:831)
... Removed 23 stack frames]]>
    </failure>
  </testcase> <!-- demo -->
</testsuite> <!-- Test1 -->
